<?xml version="1.0" encoding="UTF-8"?>
<!-- Generated by org.testng.reporters.JUnitReportReporter -->
<testsuite hostname="HP" failures="0" tests="8" name="com.Maven_pro.Test_class" time="62.971" errors="0" timestamp="2022-11-21T08:20:19 GMT+13:00" skipped="0">
  <testcase classname="com.Maven_pro.Test_class" name="enter_bank_details" time="2.384"/>
  <system-out/>
  <testcase classname="com.Maven_pro.Test_class" name="url" time="17.015"/>
  <system-out/>
  <testcase classname="com.Maven_pro.Test_class" name="select_conti" time="5.807"/>
  <system-out/>
  <testcase classname="com.Maven_pro.Test_class" name="browser_launch" time="10.648"/>
  <system-out/>
  <testcase classname="com.Maven_pro.Test_class" name="login" time="6.143"/>
  <system-out/>
  <testcase classname="com.Maven_pro.Test_class" name="search_hotel" time="5.318"/>
  <system-out/>
  <testcase classname="com.Maven_pro.Test_class" name="booking_process" time="1.663"/>
  <system-out/>
  <testcase classname="com.Maven_pro.Test_class" name="confirn_book" time="13.993"/>
  <system-out/>
</testsuite> <!-- com.Maven_pro.Test_class -->
